<?xml version="1.0" encoding="UTF-8" ?>
<testsuite tests="15" failures="0" name="TestReqRes" time="12.184" errors="0" skipped="0">
  <properties>
[...]
</properties>
  <testcase classname="TestReqRes" name="testPostRegisterUser" time="0.764"/>
  <testcase classname="TestReqRes" name="testPatch" time="0.72"/>
  <testcase classname="TestReqRes" name="testGetApiUnknown" time="0.332"/>
  <testcase classname="TestReqRes" name="testGetApiSingleOnlyUnknown" time="0.304"/>
  <testcase classname="TestReqRes" name="testPostRegisterUserUnsuccessful" time="0.689"/>
  <testcase classname="TestReqRes" name="testGetOnlyUser" time="0.275"/>
  <testcase classname="TestReqRes" name="testLoginUnsuccessful" time="0.85"/>
  <testcase classname="TestReqRes" name="testGetAllUsersPaged" time="0.286"/>
  <testcase classname="TestReqRes" name="testPutUpdate" time="0.687"/>
  <testcase classname="TestReqRes" name="testPostCreate" time="0.671"/>
  <testcase classname="TestReqRes" name="testGetSingleUserNotFound" time="0.696"/>
  <testcase classname="TestReqRes" name="testLoginSuccessful" time="0.744"/>
  <testcase classname="TestReqRes" name="testDelete" time="0.69"/>
  <testcase classname="TestReqRes" name="testGetApiSingleOnlyUnknownNotFound" time="0.716"/>
  <testcase classname="TestReqRes" name="testGetAllUsersPagedDelayed" time="3.76"/>
</testsuite>