<?xml version="1.0" encoding="UTF-8"?><testsuite errors="0" failures="0" name="TestReqRes" skipped="0" tests="15" time="15.35" timestamp="2021-03-28 12:02:43"><testcase classname="TestReqRes" name="Test post register user"/><testcase classname="TestReqRes" name="Test patch"/><testcase classname="TestReqRes" name="Test get api unknown"/><testcase classname="TestReqRes" name="Test get api single only unknown"/><testcase classname="TestReqRes" name="Test post register user unsuccessful"/><testcase classname="TestReqRes" name="Test get only user"/><testcase classname="TestReqRes" name="Test login unsuccessful"/><testcase classname="TestReqRes" name="Test get all users paged"/><testcase classname="TestReqRes" name="Test put update"/><testcase classname="TestReqRes" name="Test post create"/><testcase classname="TestReqRes" name="Test get single user not found"/><testcase classname="TestReqRes" name="Test login successful"/><testcase classname="TestReqRes" name="Test delete"/><testcase classname="TestReqRes" name="Test get api single only unknown not found"/><testcase classname="TestReqRes" name="Test get all users paged delayed"/></testsuite>